\BOOKMARK [0][-]{chapter*.1}{\376\377\144\130\211\201}{}% 1
\BOOKMARK [0][-]{chapter*.2}{\376\377\000A\000b\000s\000t\000r\000a\000c\000t}{}% 2
\BOOKMARK [0][-]{toc.0}{\376\377\166\356\137\125}{}% 3
\BOOKMARK [0][-]{chapter*.4}{\376\377\143\322\126\376\166\356\137\125}{}% 4
\BOOKMARK [0][-]{chapter*.5}{\376\377\210\150\150\074\166\356\137\125}{}% 5
\BOOKMARK [0][-]{chapter*.6}{\376\377\116\073\211\201\173\046\123\367\133\371\161\147\210\150}{}% 6
\BOOKMARK [0][-]{chapter*.8}{\376\377\202\361\145\207\177\051\165\145\213\315}{}% 7
\BOOKMARK [0][-]{chapter.1}{\376\377\0001\000\040\176\352\213\272}{}% 8
\BOOKMARK [1][-]{section.1.1}{\376\377\0001\000.\0001\000\040\170\024\172\166\200\314\146\157\124\214\141\017\116\111}{chapter.1}% 9
\BOOKMARK [2][-]{subsection.1.1.1}{\376\377\0001\000.\0001\000.\0001\000\040\170\024\172\166\200\314\146\157\124\214\141\017\116\111}{section.1.1}% 10
\BOOKMARK [0][-]{chapter.2}{\376\377\0002\000\040\152\041\147\177\173\200\116\313}{}% 11
\BOOKMARK [1][-]{section.2.1}{\376\377\0002\000.\0001\000\040\116\073\145\207\116\366}{chapter.2}% 12
\BOOKMARK [1][-]{section.2.2}{\376\377\0002\000.\0002\000\040\172\340\202\202\145\207\116\366}{chapter.2}% 13
\BOOKMARK [0][-]{chapter.3}{\376\377\0003\000\040\136\070\165\050\163\257\130\203\123\312\123\302\200\003\145\207\163\056\213\276\177\156}{}% 14
\BOOKMARK [1][-]{section.3.1}{\376\377\0003\000.\0001\000\040\126\376}{chapter.3}% 15
\BOOKMARK [1][-]{section.3.2}{\376\377\0003\000.\0002\000\040\210\150}{chapter.3}% 16
\BOOKMARK [1][-]{section.3.3}{\376\377\0003\000.\0003\000\040\121\154\137\017}{chapter.3}% 17
\BOOKMARK [1][-]{section.3.4}{\376\377\0003\000.\0004\000\040\133\232\164\006}{chapter.3}% 18
\BOOKMARK [1][-]{section.3.5}{\376\377\0003\000.\0005\000\040\123\302\200\003\145\207\163\056}{chapter.3}% 19
\BOOKMARK [0][-]{chapter.4}{\376\377\0004\000\040\122\027\116\076\163\257\130\203\124\214\173\227\154\325\163\257\130\203}{}% 20
\BOOKMARK [1][-]{section.4.1}{\376\377\0004\000.\0001\000\040\214\003\145\164\225\364\215\335}{chapter.4}% 21
\BOOKMARK [2][-]{subsection.4.1.1}{\376\377\0004\000.\0001\000.\0001\000\040\127\202\166\364\225\364\215\335}{section.4.1}% 22
\BOOKMARK [2][-]{subsection.4.1.2}{\376\377\0004\000.\0001\000.\0002\000\040\154\064\136\163\225\364\215\335}{section.4.1}% 23
\BOOKMARK [1][-]{section.4.2}{\376\377\0004\000.\0002\000\040\000e\000n\000u\000m\000e\000r\000a\000t\000e\150\007\173\176\150\067\137\017}{chapter.4}% 24
\BOOKMARK [2][-]{subsection.4.2.1}{\376\377\0004\000.\0002\000.\0001\000\040\134\017\142\354\123\367\226\077\142\311\117\057\145\160\133\127}{section.4.2}% 25
\BOOKMARK [2][-]{subsection.4.2.2}{\376\377\0004\000.\0002\000.\0002\000\040\145\234\117\123\133\127\153\315}{section.4.2}% 26
\BOOKMARK [2][-]{subsection.4.2.3}{\376\377\0004\000.\0002\000.\0003\000\040\131\047\121\231\177\127\232\154\133\127\153\315}{section.4.2}% 27
\BOOKMARK [1][-]{section.4.3}{\376\377\0004\000.\0003\000\040\173\227\154\325\163\257\130\203}{chapter.4}% 28
\BOOKMARK [0][-]{chapter*.31}{\376\377\176\323\213\272}{}% 29
\BOOKMARK [0][-]{section*.32}{\376\377\123\302\200\003\145\207\163\056}{}% 30
\BOOKMARK [0][-]{chapter*.34}{\376\377\226\104\137\125\000\040\0001}{}% 31
\BOOKMARK [1][-]{section.1.1}{\376\377\0001\000.\0001\000\040\155\113\213\325\116\000\176\247\150\007\230\230\000\040\000s\000e\000c\000t\000i\000o\000n}{chapter*.34}% 32
\BOOKMARK [2][-]{subsection.1.1.1}{\376\377\0001\000.\0001\000.\0001\000\040\155\113\213\325\116\214\176\247\150\007\230\230\000\040\000s\000u\000b\000s\000e\000c\000t\000i\000o\000n}{section.1.1}% 33
\BOOKMARK [1][-]{section.1.2}{\376\377\0001\000.\0002\000\040\155\113\213\325\155\113\213\325\155\113\213\325}{chapter*.34}% 34
\BOOKMARK [2][-]{subsection.1.2.1}{\376\377\0001\000.\0002\000.\0001\000\040\155\113\213\325\155\113\213\325\155\113\213\325}{section.1.2}% 35
\BOOKMARK [0][-]{chapter*.35}{\376\377\226\104\137\125\000\040\0002}{}% 36
\BOOKMARK [1][-]{section.2.1}{\376\377\0002\000.\0001\000\040\155\113\213\325\155\113\213\325\155\113\213\325}{chapter*.35}% 37
\BOOKMARK [2][-]{subsection.2.1.1}{\376\377\0002\000.\0001\000.\0001\000\040\155\113\213\325\155\113\213\325\155\113\213\325}{section.2.1}% 38
\BOOKMARK [0][-]{chapter*.36}{\376\377\145\073\213\373\133\146\117\115\147\037\225\364\123\321\210\150\213\272\145\207\116\016\170\024\172\166\142\020\147\234\156\005\123\125}{}% 39
\BOOKMARK [0][-]{chapter*.37}{\376\377\201\364\214\042}{}% 40
